2025-09-30 03:59:16,929 [INFO] Starting multi-channel study bot...
2025-09-30 03:59:17,334 [INFO] HTTP Request: POST https://api.telegram.org/bot8373988253:AAFIexsmj8bXJ7X4PtU4zmutYYljWNLDeMc/setMyCommands "HTTP/1.1 200 OK"
2025-09-30 03:59:17,336 [INFO] Multi-channel study bot started successfully
2025-09-30 03:59:17,337 [ERROR] Error running bot: Cannot close a running event loop
2025-09-30 03:59:17,341 [ERROR] Fatal error: Cannot close a running event loop
2025-09-30 04:00:33,292 [INFO] Starting multi-channel study bot...
2025-09-30 04:00:33,331 [INFO] Multi-channel study bot started successfully
2025-09-30 04:00:33,580 [INFO] HTTP Request: POST https://api.telegram.org/bot8373988253:AAFIexsmj8bXJ7X4PtU4zmutYYljWNLDeMc/getMe "HTTP/1.1 200 OK"
2025-09-30 04:00:33,584 [ERROR] Error running bot: main.<locals>.set_commands() takes 0 positional arguments but 1 was given
2025-09-30 04:03:08,496 [INFO] Starting multi-channel study bot...
2025-09-30 04:03:08,765 [INFO] HTTP Request: POST https://api.telegram.org/bot8373988253:AAFIexsmj8bXJ7X4PtU4zmutYYljWNLDeMc/setMyCommands "HTTP/1.1 200 OK"
2025-09-30 04:03:08,834 [INFO] HTTP Request: POST https://api.telegram.org/bot8373988253:AAFIexsmj8bXJ7X4PtU4zmutYYljWNLDeMc/getMe "HTTP/1.1 200 OK"
2025-09-30 04:03:08,835 [INFO] Multi-channel study bot started successfully
2025-09-30 04:03:08,835 [INFO] Scheduler started
2025-09-30 04:03:08,835 [INFO] Application started
2025-09-30 04:03:08,903 [INFO] HTTP Request: POST https://api.telegram.org/bot8373988253:AAFIexsmj8bXJ7X4PtU4zmutYYljWNLDeMc/deleteWebhook "HTTP/1.1 200 OK"
2025-09-30 04:03:19,115 [INFO] HTTP Request: POST https://api.telegram.org/bot8373988253:AAFIexsmj8bXJ7X4PtU4zmutYYljWNLDeMc/getUpdates "HTTP/1.1 200 OK"
2025-09-30 04:03:23,448 [INFO] Received signal 2, shutting down...
2025-09-30 04:03:23,449 [INFO] Shutting down bot...
2025-09-30 04:03:23,449 [INFO] Application is stopping. This might take a moment.
